<?xml version="1.0" encoding="UTF-8"?>
<testsuite xmlns:xsi="http://www.w3.org/2001/XMLSchema-instance" xsi:noNamespaceSchemaLocation="https://maven.apache.org/surefire/maven-surefire-plugin/xsd/surefire-test-report.xsd" name="xdclass_springboot.demo.WebClientTest" time="16.23" tests="2" errors="2" skipped="0" failures="0">
  <properties>
[...]
</properties>
  <testcase name="testBase2" classname="xdclass_springboot.demo.WebClientTest" time="1.723">
    <error message="io.netty.channel.AbstractChannel$AnnotatedConnectException: Connection refused: no further information: localhost/127.0.0.1:8080" type="reactor.core.Exceptions$ReactiveException">reactor.core.Exceptions$ReactiveException: io.netty.channel.AbstractChannel$AnnotatedConnectException: Connection refused: no further information: localhost/127.0.0.1:8080
	at xdclass_springboot.demo.WebClientTest.testBase2(WebClientTest.java:40)
Caused by: io.netty.channel.AbstractChannel$AnnotatedConnectException: Connection refused: no further information: localhost/127.0.0.1:8080
Caused by: java.net.ConnectException: Connection refused: no further information
</error>
    <system-out><![CDATA[16:25:32.875 [main] DEBUG org.springframework.test.context.junit4.SpringJUnit4ClassRunner - SpringJUnit4ClassRunner constructor called with [class xdclass_springboot.demo.WebClientTest]
16:25:32.883 [main] DEBUG org.springframework.test.context.BootstrapUtils - Instantiating CacheAwareContextLoaderDelegate from class [org.springframework.test.context.cache.DefaultCacheAwareContextLoaderDelegate]
16:25:32.900 [main] DEBUG org.springframework.test.context.BootstrapUtils - Instantiating BootstrapContext using constructor [public org.springframework.test.context.support.DefaultBootstrapContext(java.lang.Class,org.springframework.test.context.CacheAwareContextLoaderDelegate)]
16:25:32.930 [main] DEBUG org.springframework.test.context.BootstrapUtils - Instantiating TestContextBootstrapper for test class [xdclass_springboot.demo.WebClientTest] from class [org.springframework.boot.test.context.SpringBootTestContextBootstrapper]
16:25:32.952 [main] INFO org.springframework.boot.test.context.SpringBootTestContextBootstrapper - Neither @ContextConfiguration nor @ContextHierarchy found for test class [xdclass_springboot.demo.WebClientTest], using SpringBootContextLoader
16:25:32.957 [main] DEBUG org.springframework.test.context.support.AbstractContextLoader - Did not detect default resource location for test class [xdclass_springboot.demo.WebClientTest]: class path resource [xdclass_springboot/demo/WebClientTest-context.xml] does not exist
16:25:32.958 [main] DEBUG org.springframework.test.context.support.AbstractContextLoader - Did not detect default resource location for test class [xdclass_springboot.demo.WebClientTest]: class path resource [xdclass_springboot/demo/WebClientTestContext.groovy] does not exist
16:25:32.958 [main] INFO org.springframework.test.context.support.AbstractContextLoader - Could not detect default resource locations for test class [xdclass_springboot.demo.WebClientTest]: no resource found for suffixes {-context.xml, Context.groovy}.
16:25:33.023 [main] DEBUG org.springframework.test.context.support.ActiveProfilesUtils - Could not find an 'annotation declaring class' for annotation type [org.springframework.test.context.ActiveProfiles] and class [xdclass_springboot.demo.WebClientTest]
16:25:33.246 [main] DEBUG org.springframework.boot.test.context.SpringBootTestContextBootstrapper - @TestExecutionListeners is not present for class [xdclass_springboot.demo.WebClientTest]: using defaults.
16:25:33.246 [main] INFO org.springframework.boot.test.context.SpringBootTestContextBootstrapper - Loaded default TestExecutionListener class names from location [META-INF/spring.factories]: [org.springframework.boot.test.mock.mockito.MockitoTestExecutionListener, org.springframework.boot.test.mock.mockito.ResetMocksTestExecutionListener, org.springframework.boot.test.autoconfigure.restdocs.RestDocsTestExecutionListener, org.springframework.boot.test.autoconfigure.web.client.MockRestServiceServerResetTestExecutionListener, org.springframework.boot.test.autoconfigure.web.servlet.MockMvcPrintOnlyOnFailureTestExecutionListener, org.springframework.boot.test.autoconfigure.web.servlet.WebDriverTestExecutionListener, org.springframework.test.context.web.ServletTestExecutionListener, org.springframework.test.context.support.DirtiesContextBeforeModesTestExecutionListener, org.springframework.test.context.support.DependencyInjectionTestExecutionListener, org.springframework.test.context.support.DirtiesContextTestExecutionListener, org.springframework.test.context.transaction.TransactionalTestExecutionListener, org.springframework.test.context.jdbc.SqlScriptsTestExecutionListener]
16:25:33.394 [main] INFO org.springframework.boot.test.context.SpringBootTestContextBootstrapper - Using TestExecutionListeners: [org.springframework.test.context.web.ServletTestExecutionListener@71ba6d4e, org.springframework.test.context.support.DirtiesContextBeforeModesTestExecutionListener@738dc9b, org.springframework.boot.test.mock.mockito.MockitoTestExecutionListener@3c77d488, org.springframework.boot.test.autoconfigure.SpringBootDependencyInjectionTestExecutionListener@63376bed, org.springframework.test.context.support.DirtiesContextTestExecutionListener@4145bad8, org.springframework.test.context.transaction.TransactionalTestExecutionListener@d86a6f, org.springframework.test.context.jdbc.SqlScriptsTestExecutionListener@2892d68, org.springframework.boot.test.mock.mockito.ResetMocksTestExecutionListener@5ab956d7, org.springframework.boot.test.autoconfigure.restdocs.RestDocsTestExecutionListener@3646a422, org.springframework.boot.test.autoconfigure.web.client.MockRestServiceServerResetTestExecutionListener@750e2b97, org.springframework.boot.test.autoconfigure.web.servlet.MockMvcPrintOnlyOnFailureTestExecutionListener@3e27aa33, org.springframework.boot.test.autoconfigure.web.servlet.WebDriverTestExecutionListener@2e385cce]
16:25:33.396 [main] DEBUG org.springframework.test.annotation.ProfileValueUtils - Retrieved @ProfileValueSourceConfiguration [null] for test class [xdclass_springboot.demo.WebClientTest]
16:25:33.396 [main] DEBUG org.springframework.test.annotation.ProfileValueUtils - Retrieved ProfileValueSource type [class org.springframework.test.annotation.SystemProfileValueSource] for class [xdclass_springboot.demo.WebClientTest]
16:25:33.398 [main] DEBUG org.springframework.test.annotation.ProfileValueUtils - Retrieved @ProfileValueSourceConfiguration [null] for test class [xdclass_springboot.demo.WebClientTest]
16:25:33.398 [main] DEBUG org.springframework.test.annotation.ProfileValueUtils - Retrieved ProfileValueSource type [class org.springframework.test.annotation.SystemProfileValueSource] for class [xdclass_springboot.demo.WebClientTest]
16:25:33.399 [main] DEBUG org.springframework.test.annotation.ProfileValueUtils - Retrieved @ProfileValueSourceConfiguration [null] for test class [xdclass_springboot.demo.WebClientTest]
16:25:33.400 [main] DEBUG org.springframework.test.annotation.ProfileValueUtils - Retrieved ProfileValueSource type [class org.springframework.test.annotation.SystemProfileValueSource] for class [xdclass_springboot.demo.WebClientTest]
16:25:33.429 [main] DEBUG org.springframework.test.context.support.AbstractDirtiesContextTestExecutionListener - Before test class: context [DefaultTestContext@25ce9dc4 testClass = WebClientTest, testInstance = [null], testMethod = [null], testException = [null], mergedContextConfiguration = [WebMergedContextConfiguration@74ea2410 testClass = WebClientTest, locations = '{}', classes = '{class net.xdclass.demo.XdclassApplication, class net.xdclass.demo.XdclassApplication}', contextInitializerClasses = '[]', activeProfiles = '{}', propertySourceLocations = '{}', propertySourceProperties = '{org.springframework.boot.test.context.SpringBootTestContextBootstrapper=true}', contextCustomizers = set[org.springframework.boot.test.context.filter.ExcludeFilterContextCustomizer@62fdb4a6, org.springframework.boot.test.json.DuplicateJsonObjectContextCustomizerFactory$DuplicateJsonObjectContextCustomizer@31206beb, org.springframework.boot.test.mock.mockito.MockitoContextCustomizer@0, org.springframework.boot.test.web.client.TestRestTemplateContextCustomizer@6385cb26, org.springframework.boot.test.web.reactive.server.WebTestClientContextCustomizer@646be2c3, org.springframework.boot.test.autoconfigure.properties.PropertyMappingContextCustomizer@0, org.springframework.boot.test.autoconfigure.web.servlet.WebDriverContextCustomizerFactory$Customizer@4d339552], resourceBasePath = 'src/main/webapp', contextLoader = 'org.springframework.boot.test.context.SpringBootContextLoader', parent = [null]], attributes = map['org.springframework.test.context.web.ServletTestExecutionListener.activateListener' -> true]], class annotated with @DirtiesContext [false] with mode [null].
16:25:33.430 [main] DEBUG org.springframework.test.annotation.ProfileValueUtils - Retrieved @ProfileValueSourceConfiguration [null] for test class [xdclass_springboot.demo.WebClientTest]
16:25:33.430 [main] DEBUG org.springframework.test.annotation.ProfileValueUtils - Retrieved ProfileValueSource type [class org.springframework.test.annotation.SystemProfileValueSource] for class [xdclass_springboot.demo.WebClientTest]
16:25:33.461 [main] DEBUG org.springframework.core.env.StandardEnvironment - Adding PropertySource 'systemProperties' with lowest search precedence
16:25:33.462 [main] DEBUG org.springframework.core.env.StandardEnvironment - Adding PropertySource 'systemEnvironment' with lowest search precedence
16:25:33.462 [main] DEBUG org.springframework.core.env.StandardEnvironment - Initialized StandardEnvironment with PropertySources [MapPropertySource@1138697171 {name='systemProperties', properties={java.runtime.name=Java(TM) SE Runtime Environment, sun.boot.library.path=C:\Program Files\Java\jdk1.8.0\jre\bin, java.vm.version=25.0-b70, java.vm.vendor=Oracle Corporation, java.vendor.url=http://java.oracle.com/, path.separator=;, java.vm.name=Java HotSpot(TM) 64-Bit Server VM, file.encoding.pkg=sun.io, user.country=CN, user.script=, sun.java.launcher=SUN_STANDARD, sun.os.patch.level=, java.vm.specification.name=Java Virtual Machine Specification, user.dir=E:\BaiduNetdiskDownload\笔记\SpringBoot资料\SpringBoot资料\第7章\第三课（课时30）\xdclass_springboot, java.runtime.version=1.8.0-b132, basedir=E:\BaiduNetdiskDownload\笔记\SpringBoot资料\SpringBoot资料\第7章\第三课（课时30）\xdclass_springboot, java.awt.graphicsenv=sun.awt.Win32GraphicsEnvironment, java.endorsed.dirs=C:\Program Files\Java\jdk1.8.0\jre\lib\endorsed, os.arch=amd64, surefire.real.class.path=C:\Users\liguofen\AppData\Local\Temp\surefire7641621092512717923\surefirebooter500115225155727941.jar, java.io.tmpdir=C:\Users\liguofen\AppData\Local\Temp\, line.separator=
, java.vm.specification.vendor=Oracle Corporation, user.variant=, os.name=Windows 8.1, sun.jnu.encoding=GBK, java.library.path=C:\Program Files\Java\jdk1.8.0\jre\bin;C:\WINDOWS\Sun\Java\bin;C:\WINDOWS\system32;C:\WINDOWS;C:/Program Files/Java/jdk1.8.0/bin/../jre/bin/server;C:/Program Files/Java/jdk1.8.0/bin/../jre/bin;C:/Program Files/Java/jdk1.8.0/bin/../jre/lib/amd64;C:\Program Files (x86)\Intel\iCLS Client\;C:\Program Files\Intel\iCLS Client\;C:\Windows\system32;C:\Windows;C:\Windows\System32\Wbem;C:\Windows\System32\WindowsPowerShell\v1.0\;C:\Program Files (x86)\NVIDIA Corporation\PhysX\Common;C:\Program Files (x86)\Intel\Intel(R) Management Engine Components\DAL;C:\Program Files\Intel\Intel(R) Management Engine Components\DAL;C:\Program Files (x86)\Intel\Intel(R) Management Engine Components\IPT;C:\Program Files\Intel\Intel(R) Management Engine Components\IPT;C:\Program Files\Intel\WiFi\bin\;C:\Program Files\Common Files\Intel\WirelessCommon\;C:\Program Files\Java\jdk1.8.0\bin\;C:\WINDOWS\system32;C:\WINDOWS;C:\WINDOWS\System32\Wbem;C:\WINDOWS\System32\WindowsPowerShell\v1.0\;D:\instantclient_10_2;C:\Program Files\TortoiseSVN\bin;C:\Program Files\Git\cmd;C:\WINDOWS\System32\OpenSSH\;C:\Go\bin;C:\Users\liguofen\AppData\Local\Microsoft\WindowsApps;;C:\Program Files (x86)\SSH Communications Security\SSH Secure Shell;C:\Program Files\Docker Toolbox;D:\eclipse\eclipse;;., surefire.test.class.path=E:\BaiduNetdiskDownload\笔记\SpringBoot资料\SpringBoot资料\第7章\第三课（课时30）\xdclass_springboot\target\test-classes;E:\BaiduNetdiskDownload\笔记\SpringBoot资料\SpringBoot资料\第7章\第三课（课时30）\xdclass_springboot\target\classes;D:\maven-repository\org\springframework\boot\spring-boot-starter-web\2.0.1.RELEASE\spring-boot-starter-web-2.0.1.RELEASE.jar;D:\maven-repository\org\springframework\boot\spring-boot-starter\2.0.1.RELEASE\spring-boot-starter-2.0.1.RELEASE.jar;D:\maven-repository\org\springframework\boot\spring-boot-starter-logging\2.0.1.RELEASE\spring-boot-starter-logging-2.0.1.RELEASE.jar;D:\maven-repository\ch\qos\logback\logback-classic\1.2.3\logback-classic-1.2.3.jar;D:\maven-repository\ch\qos\logback\logback-core\1.2.3\logback-core-1.2.3.jar;D:\maven-repository\org\apache\logging\log4j\log4j-to-slf4j\2.10.0\log4j-to-slf4j-2.10.0.jar;D:\maven-repository\org\slf4j\jul-to-slf4j\1.7.25\jul-to-slf4j-1.7.25.jar;D:\maven-repository\javax\annotation\javax.annotation-api\1.3.2\javax.annotation-api-1.3.2.jar;D:\maven-repository\org\yaml\snakeyaml\1.19\snakeyaml-1.19.jar;D:\maven-repository\org\springframework\boot\spring-boot-starter-json\2.0.1.RELEASE\spring-boot-starter-json-2.0.1.RELEASE.jar;D:\maven-repository\com\fasterxml\jackson\core\jackson-databind\2.9.5\jackson-databind-2.9.5.jar;D:\maven-repository\com\fasterxml\jackson\core\jackson-annotations\2.9.0\jackson-annotations-2.9.0.jar;D:\maven-repository\com\fasterxml\jackson\datatype\jackson-datatype-jdk8\2.9.5\jackson-datatype-jdk8-2.9.5.jar;D:\maven-repository\com\fasterxml\jackson\datatype\jackson-datatype-jsr310\2.9.5\jackson-datatype-jsr310-2.9.5.jar;D:\maven-repository\com\fasterxml\jackson\module\jackson-module-parameter-names\2.9.5\jackson-module-parameter-names-2.9.5.jar;D:\maven-repository\org\springframework\boot\spring-boot-starter-tomcat\2.0.1.RELEASE\spring-boot-starter-tomcat-2.0.1.RELEASE.jar;D:\maven-repository\org\apache\tomcat\embed\tomcat-embed-core\8.5.29\tomcat-embed-core-8.5.29.jar;D:\maven-repository\org\apache\tomcat\embed\tomcat-embed-el\8.5.29\tomcat-embed-el-8.5.29.jar;D:\maven-repository\org\apache\tomcat\embed\tomcat-embed-websocket\8.5.29\tomcat-embed-websocket-8.5.29.jar;D:\maven-repository\org\hibernate\validator\hibernate-validator\6.0.9.Final\hibernate-validator-6.0.9.Final.jar;D:\maven-repository\javax\validation\validation-api\2.0.1.Final\validation-api-2.0.1.Final.jar;D:\maven-repository\org\jboss\logging\jboss-logging\3.3.2.Final\jboss-logging-3.3.2.Final.jar;D:\maven-repository\com\fasterxml\classmate\1.3.4\classmate-1.3.4.jar;D:\maven-repository\org\springframework\spring-web\5.0.5.RELEASE\spring-web-5.0.5.RELEASE.jar;D:\maven-repository\org\springframework\spring-beans\5.0.5.RELEASE\spring-beans-5.0.5.RELEASE.jar;D:\maven-repository\org\springframework\spring-webmvc\5.0.5.RELEASE\spring-webmvc-5.0.5.RELEASE.jar;D:\maven-repository\org\springframework\spring-aop\5.0.5.RELEASE\spring-aop-5.0.5.RELEASE.jar;D:\maven-repository\org\springframework\spring-context\5.0.5.RELEASE\spring-context-5.0.5.RELEASE.jar;D:\maven-repository\org\springframework\spring-expression\5.0.5.RELEASE\spring-expression-5.0.5.RELEASE.jar;D:\maven-repository\org\springframework\boot\spring-boot-devtools\2.0.1.RELEASE\spring-boot-devtools-2.0.1.RELEASE.jar;D:\maven-repository\org\springframework\boot\spring-boot\2.0.1.RELEASE\spring-boot-2.0.1.RELEASE.jar;D:\maven-repository\org\springframework\boot\spring-boot-autoconfigure\2.0.1.RELEASE\spring-boot-autoconfigure-2.0.1.RELEASE.jar;D:\maven-repository\org\springframework\boot\spring-boot-starter-webflux\2.0.1.RELEASE\spring-boot-starter-webflux-2.0.1.RELEASE.jar;D:\maven-repository\org\springframework\boot\spring-boot-starter-reactor-netty\2.0.1.RELEASE\spring-boot-starter-reactor-netty-2.0.1.RELEASE.jar;D:\maven-repository\io\projectreactor\ipc\reactor-netty\0.7.6.RELEASE\reactor-netty-0.7.6.RELEASE.jar;D:\maven-repository\io\netty\netty-codec-http\4.1.23.Final\netty-codec-http-4.1.23.Final.jar;D:\maven-repository\io\netty\netty-handler-proxy\4.1.23.Final\netty-handler-proxy-4.1.23.Final.jar;D:\maven-repository\io\netty\netty-codec-socks\4.1.23.Final\netty-codec-socks-4.1.23.Final.jar;D:\maven-repository\io\netty\netty-transport-native-epoll\4.1.23.Final\netty-transport-native-epoll-4.1.23.Final.jar;D:\maven-repository\io\netty\netty-transport-native-unix-common\4.1.23.Final\netty-transport-native-unix-common-4.1.23.Final.jar;D:\maven-repository\org\springframework\spring-webflux\5.0.5.RELEASE\spring-webflux-5.0.5.RELEASE.jar;D:\maven-repository\io\projectreactor\reactor-core\3.1.6.RELEASE\reactor-core-3.1.6.RELEASE.jar;D:\maven-repository\org\reactivestreams\reactive-streams\1.0.2\reactive-streams-1.0.2.jar;D:\maven-repository\org\synchronoss\cloud\nio-multipart-parser\1.1.0\nio-multipart-parser-1.1.0.jar;D:\maven-repository\org\synchronoss\cloud\nio-stream-storage\1.1.3\nio-stream-storage-1.1.3.jar;D:\maven-repository\org\springframework\boot\spring-boot-starter-thymeleaf\2.0.1.RELEASE\spring-boot-starter-thymeleaf-2.0.1.RELEASE.jar;D:\maven-repository\org\thymeleaf\thymeleaf-spring5\3.0.9.RELEASE\thymeleaf-spring5-3.0.9.RELEASE.jar;D:\maven-repository\org\thymeleaf\thymeleaf\3.0.9.RELEASE\thymeleaf-3.0.9.RELEASE.jar;D:\maven-repository\org\attoparser\attoparser\2.0.4.RELEASE\attoparser-2.0.4.RELEASE.jar;D:\maven-repository\org\unbescape\unbescape\1.1.5.RELEASE\unbescape-1.1.5.RELEASE.jar;D:\maven-repository\org\thymeleaf\extras\thymeleaf-extras-java8time\3.0.1.RELEASE\thymeleaf-extras-java8time-3.0.1.RELEASE.jar;D:\maven-repository\org\springframework\boot\spring-boot-starter-freemarker\2.0.1.RELEASE\spring-boot-starter-freemarker-2.0.1.RELEASE.jar;D:\maven-repository\org\freemarker\freemarker\2.3.28\freemarker-2.3.28.jar;D:\maven-repository\org\springframework\spring-context-support\5.0.5.RELEASE\spring-context-support-5.0.5.RELEASE.jar;D:\maven-repository\org\springframework\boot\spring-boot-starter-test\2.0.1.RELEASE\spring-boot-starter-test-2.0.1.RELEASE.jar;D:\maven-repository\org\springframework\boot\spring-boot-test\2.0.1.RELEASE\spring-boot-test-2.0.1.RELEASE.jar;D:\maven-repository\org\springframework\boot\spring-boot-test-autoconfigure\2.0.1.RELEASE\spring-boot-test-autoconfigure-2.0.1.RELEASE.jar;D:\maven-repository\com\jayway\jsonpath\json-path\2.4.0\json-path-2.4.0.jar;D:\maven-repository\net\minidev\json-smart\2.3\json-smart-2.3.jar;D:\maven-repository\net\minidev\accessors-smart\1.2\accessors-smart-1.2.jar;D:\maven-repository\org\ow2\asm\asm\5.0.4\asm-5.0.4.jar;D:\maven-repository\junit\junit\4.12\junit-4.12.jar;D:\maven-repository\org\assertj\assertj-core\3.9.1\assertj-core-3.9.1.jar;D:\maven-repository\org\mockito\mockito-core\2.15.0\mockito-core-2.15.0.jar;D:\maven-repository\net\bytebuddy\byte-buddy\1.7.11\byte-buddy-1.7.11.jar;D:\maven-repository\net\bytebuddy\byte-buddy-agent\1.7.11\byte-buddy-agent-1.7.11.jar;D:\maven-repository\org\objenesis\objenesis\2.6\objenesis-2.6.jar;D:\maven-repository\org\hamcrest\hamcrest-core\1.3\hamcrest-core-1.3.jar;D:\maven-repository\org\hamcrest\hamcrest-library\1.3\hamcrest-library-1.3.jar;D:\maven-repository\org\skyscreamer\jsonassert\1.5.0\jsonassert-1.5.0.jar;D:\maven-repository\com\vaadin\external\google\android-json\0.0.20131108.vaadin1\android-json-0.0.20131108.vaadin1.jar;D:\maven-repository\org\springframework\spring-core\5.0.5.RELEASE\spring-core-5.0.5.RELEASE.jar;D:\maven-repository\org\springframework\spring-jcl\5.0.5.RELEASE\spring-jcl-5.0.5.RELEASE.jar;D:\maven-repository\org\springframework\spring-test\5.0.5.RELEASE\spring-test-5.0.5.RELEASE.jar;D:\maven-repository\org\xmlunit\xmlunit-core\2.5.1\xmlunit-core-2.5.1.jar;D:\maven-repository\org\apache\rocketmq\rocketmq-client\4.1.0-incubating\rocketmq-client-4.1.0-incubating.jar;D:\maven-repository\org\slf4j\slf4j-api\1.7.25\slf4j-api-1.7.25.jar;D:\maven-repository\org\apache\commons\commons-lang3\3.7\commons-lang3-3.7.jar;D:\maven-repository\org\apache\rocketmq\rocketmq-common\4.1.0-incubating\rocketmq-common-4.1.0-incubating.jar;D:\maven-repository\org\apache\rocketmq\rocketmq-remoting\4.1.0-incubating\rocketmq-remoting-4.1.0-incubating.jar;D:\maven-repository\com\alibaba\fastjson\1.2.29\fastjson-1.2.29.jar;D:\maven-repository\io\netty\netty-all\4.1.23.Final\netty-all-4.1.23.Final.jar;D:\maven-repository\org\springframework\boot\spring-boot-starter-data-redis\2.0.1.RELEASE\spring-boot-starter-data-redis-2.0.1.RELEASE.jar;D:\maven-repository\org\springframework\data\spring-data-redis\2.0.6.RELEASE\spring-data-redis-2.0.6.RELEASE.jar;D:\maven-repository\org\springframework\data\spring-data-keyvalue\2.0.6.RELEASE\spring-data-keyvalue-2.0.6.RELEASE.jar;D:\maven-repository\org\springframework\spring-tx\5.0.5.RELEASE\spring-tx-5.0.5.RELEASE.jar;D:\maven-repository\org\springframework\spring-oxm\5.0.5.RELEASE\spring-oxm-5.0.5.RELEASE.jar;D:\maven-repository\io\lettuce\lettuce-core\5.0.3.RELEASE\lettuce-core-5.0.3.RELEASE.jar;D:\maven-repository\io\netty\netty-common\4.1.23.Final\netty-common-4.1.23.Final.jar;D:\maven-repository\io\netty\netty-transport\4.1.23.Final\netty-transport-4.1.23.Final.jar;D:\maven-repository\io\netty\netty-buffer\4.1.23.Final\netty-buffer-4.1.23.Final.jar;D:\maven-repository\io\netty\netty-resolver\4.1.23.Final\netty-resolver-4.1.23.Final.jar;D:\maven-repository\io\netty\netty-handler\4.1.23.Final\netty-handler-4.1.23.Final.jar;D:\maven-repository\io\netty\netty-codec\4.1.23.Final\netty-codec-4.1.23.Final.jar;D:\maven-repository\org\springframework\boot\spring-boot-starter-data-elasticsearch\2.0.1.RELEASE\spring-boot-starter-data-elasticsearch-2.0.1.RELEASE.jar;D:\maven-repository\org\springframework\data\spring-data-elasticsearch\3.0.6.RELEASE\spring-data-elasticsearch-3.0.6.RELEASE.jar;D:\maven-repository\org\springframework\data\spring-data-commons\2.0.6.RELEASE\spring-data-commons-2.0.6.RELEASE.jar;D:\maven-repository\commons-lang\commons-lang\2.6\commons-lang-2.6.jar;D:\maven-repository\joda-time\joda-time\2.9.9\joda-time-2.9.9.jar;D:\maven-repository\org\elasticsearch\elasticsearch\5.6.8\elasticsearch-5.6.8.jar;D:\maven-repository\org\apache\lucene\lucene-core\6.6.1\lucene-core-6.6.1.jar;D:\maven-repository\org\apache\lucene\lucene-analyzers-common\6.6.1\lucene-analyzers-common-6.6.1.jar;D:\maven-repository\org\apache\lucene\lucene-backward-codecs\6.6.1\lucene-backward-codecs-6.6.1.jar;D:\maven-repository\org\apache\lucene\lucene-grouping\6.6.1\lucene-grouping-6.6.1.jar;D:\maven-repository\org\apache\lucene\lucene-highlighter\6.6.1\lucene-highlighter-6.6.1.jar;D:\maven-repository\org\apache\lucene\lucene-join\6.6.1\lucene-join-6.6.1.jar;D:\maven-repository\org\apache\lucene\lucene-memory\6.6.1\lucene-memory-6.6.1.jar;D:\maven-repository\org\apache\lucene\lucene-misc\6.6.1\lucene-misc-6.6.1.jar;D:\maven-repository\org\apache\lucene\lucene-queries\6.6.1\lucene-queries-6.6.1.jar;D:\maven-repository\org\apache\lucene\lucene-queryparser\6.6.1\lucene-queryparser-6.6.1.jar;D:\maven-repository\org\apache\lucene\lucene-sandbox\6.6.1\lucene-sandbox-6.6.1.jar;D:\maven-repository\org\apache\lucene\lucene-spatial\6.6.1\lucene-spatial-6.6.1.jar;D:\maven-repository\org\apache\lucene\lucene-spatial-extras\6.6.1\lucene-spatial-extras-6.6.1.jar;D:\maven-repository\org\apache\lucene\lucene-spatial3d\6.6.1\lucene-spatial3d-6.6.1.jar;D:\maven-repository\org\apache\lucene\lucene-suggest\6.6.1\lucene-suggest-6.6.1.jar;D:\maven-repository\org\elasticsearch\securesm\1.2\securesm-1.2.jar;D:\maven-repository\net\sf\jopt-simple\jopt-simple\5.0.2\jopt-simple-5.0.2.jar;D:\maven-repository\com\carrotsearch\hppc\0.7.1\hppc-0.7.1.jar;D:\maven-repository\com\fasterxml\jackson\dataformat\jackson-dataformat-smile\2.9.5\jackson-dataformat-smile-2.9.5.jar;D:\maven-repository\com\fasterxml\jackson\dataformat\jackson-dataformat-yaml\2.9.5\jackson-dataformat-yaml-2.9.5.jar;D:\maven-repository\com\fasterxml\jackson\dataformat\jackson-dataformat-cbor\2.9.5\jackson-dataformat-cbor-2.9.5.jar;D:\maven-repository\com\tdunning\t-digest\3.0\t-digest-3.0.jar;D:\maven-repository\org\hdrhistogram\HdrHistogram\2.1.9\HdrHistogram-2.1.9.jar;D:\maven-repository\org\apache\logging\log4j\log4j-api\2.10.0\log4j-api-2.10.0.jar;D:\maven-repository\org\elasticsearch\jna\4.4.0-1\jna-4.4.0-1.jar;D:\maven-repository\org\elasticsearch\client\transport\5.6.8\transport-5.6.8.jar;D:\maven-repository\org\elasticsearch\plugin\transport-netty3-client\5.6.8\transport-netty3-client-5.6.8.jar;D:\maven-repository\io\netty\netty\3.10.6.Final\netty-3.10.6.Final.jar;D:\maven-repository\org\elasticsearch\plugin\reindex-client\5.6.8\reindex-client-5.6.8.jar;D:\maven-repository\org\elasticsearch\client\elasticsearch-rest-client\5.6.8\elasticsearch-rest-client-5.6.8.jar;D:\maven-repository\org\apache\httpcomponents\httpclient\4.5.5\httpclient-4.5.5.jar;D:\maven-repository\org\apache\httpcomponents\httpcore\4.4.9\httpcore-4.4.9.jar;D:\maven-repository\org\apache\httpcomponents\httpasyncclient\4.1.3\httpasyncclient-4.1.3.jar;D:\maven-repository\org\apache\httpcomponents\httpcore-nio\4.4.9\httpcore-nio-4.4.9.jar;D:\maven-repository\commons-codec\commons-codec\1.11\commons-codec-1.11.jar;D:\maven-repository\org\elasticsearch\plugin\lang-mustache-client\5.6.8\lang-mustache-client-5.6.8.jar;D:\maven-repository\com\github\spullara\mustache\java\compiler\0.9.3\compiler-0.9.3.jar;D:\maven-repository\org\elasticsearch\plugin\percolator-client\5.6.8\percolator-client-5.6.8.jar;D:\maven-repository\org\elasticsearch\plugin\parent-join-client\5.6.8\parent-join-client-5.6.8.jar;D:\maven-repository\com\fasterxml\jackson\core\jackson-core\2.9.5\jackson-core-2.9.5.jar;D:\maven-repository\org\elasticsearch\plugin\transport-netty4-client\5.6.8\transport-netty4-client-5.6.8.jar;D:\maven-repository\org\locationtech\spatial4j\spatial4j\0.6\spatial4j-0.6.jar;D:\maven-repository\com\vividsolutions\jts\1.13\jts-1.13.jar;D:\maven-repository\com\alibaba\spring\boot\dubbo-spring-boot-starter\2.0.0\dubbo-spring-boot-starter-2.0.0.jar;D:\maven-repository\com\alibaba\dubbo\2.6.0\dubbo-2.6.0.jar;D:\maven-repository\org\javassist\javassist\3.20.0-GA\javassist-3.20.0-GA.jar;D:\maven-repository\org\jboss\netty\netty\3.2.5.Final\netty-3.2.5.Final.jar;D:\maven-repository\org\springframework\boot\spring-boot-starter-actuator\2.0.1.RELEASE\spring-boot-starter-actuator-2.0.1.RELEASE.jar;D:\maven-repository\org\springframework\boot\spring-boot-actuator-autoconfigure\2.0.1.RELEASE\spring-boot-actuator-autoconfigure-2.0.1.RELEASE.jar;D:\maven-repository\org\springframework\boot\spring-boot-actuator\2.0.1.RELEASE\spring-boot-actuator-2.0.1.RELEASE.jar;D:\maven-repository\io\micrometer\micrometer-core\1.0.3\micrometer-core-1.0.3.jar;D:\maven-repository\org\latencyutils\LatencyUtils\2.0.3\LatencyUtils-2.0.3.jar;, java.specification.name=Java Platform API Specification, java.class.version=52.0, sun.management.compiler=HotSpot 64-Bit Tiered Compilers, os.version=6.3, user.home=C:\Users\liguofen, user.timezone=Asia/Shanghai, java.awt.printerjob=sun.awt.windows.WPrinterJob, file.encoding=GBK, java.specification.version=1.8, java.class.path=E:\BaiduNetdiskDownload\笔记\SpringBoot资料\SpringBoot资料\第7章\第三课（课时30）\xdclass_springboot\target\test-classes;E:\BaiduNetdiskDownload\笔记\SpringBoot资料\SpringBoot资料\第7章\第三课（课时30）\xdclass_springboot\target\classes;D:\maven-repository\org\springframework\boot\spring-boot-starter-web\2.0.1.RELEASE\spring-boot-starter-web-2.0.1.RELEASE.jar;D:\maven-repository\org\springframework\boot\spring-boot-starter\2.0.1.RELEASE\spring-boot-starter-2.0.1.RELEASE.jar;D:\maven-repository\org\springframework\boot\spring-boot-starter-logging\2.0.1.RELEASE\spring-boot-starter-logging-2.0.1.RELEASE.jar;D:\maven-repository\ch\qos\logback\logback-classic\1.2.3\logback-classic-1.2.3.jar;D:\maven-repository\ch\qos\logback\logback-core\1.2.3\logback-core-1.2.3.jar;D:\maven-repository\org\apache\logging\log4j\log4j-to-slf4j\2.10.0\log4j-to-slf4j-2.10.0.jar;D:\maven-repository\org\slf4j\jul-to-slf4j\1.7.25\jul-to-slf4j-1.7.25.jar;D:\maven-repository\javax\annotation\javax.annotation-api\1.3.2\javax.annotation-api-1.3.2.jar;D:\maven-repository\org\yaml\snakeyaml\1.19\snakeyaml-1.19.jar;D:\maven-repository\org\springframework\boot\spring-boot-starter-json\2.0.1.RELEASE\spring-boot-starter-json-2.0.1.RELEASE.jar;D:\maven-repository\com\fasterxml\jackson\core\jackson-databind\2.9.5\jackson-databind-2.9.5.jar;D:\maven-repository\com\fasterxml\jackson\core\jackson-annotations\2.9.0\jackson-annotations-2.9.0.jar;D:\maven-repository\com\fasterxml\jackson\datatype\jackson-datatype-jdk8\2.9.5\jackson-datatype-jdk8-2.9.5.jar;D:\maven-repository\com\fasterxml\jackson\datatype\jackson-datatype-jsr310\2.9.5\jackson-datatype-jsr310-2.9.5.jar;D:\maven-repository\com\fasterxml\jackson\module\jackson-module-parameter-names\2.9.5\jackson-module-parameter-names-2.9.5.jar;D:\maven-repository\org\springframework\boot\spring-boot-starter-tomcat\2.0.1.RELEASE\spring-boot-starter-tomcat-2.0.1.RELEASE.jar;D:\maven-repository\org\apache\tomcat\embed\tomcat-embed-core\8.5.29\tomcat-embed-core-8.5.29.jar;D:\maven-repository\org\apache\tomcat\embed\tomcat-embed-el\8.5.29\tomcat-embed-el-8.5.29.jar;D:\maven-repository\org\apache\tomcat\embed\tomcat-embed-websocket\8.5.29\tomcat-embed-websocket-8.5.29.jar;D:\maven-repository\org\hibernate\validator\hibernate-validator\6.0.9.Final\hibernate-validator-6.0.9.Final.jar;D:\maven-repository\javax\validation\validation-api\2.0.1.Final\validation-api-2.0.1.Final.jar;D:\maven-repository\org\jboss\logging\jboss-logging\3.3.2.Final\jboss-logging-3.3.2.Final.jar;D:\maven-repository\com\fasterxml\classmate\1.3.4\classmate-1.3.4.jar;D:\maven-repository\org\springframework\spring-web\5.0.5.RELEASE\spring-web-5.0.5.RELEASE.jar;D:\maven-repository\org\springframework\spring-beans\5.0.5.RELEASE\spring-beans-5.0.5.RELEASE.jar;D:\maven-repository\org\springframework\spring-webmvc\5.0.5.RELEASE\spring-webmvc-5.0.5.RELEASE.jar;D:\maven-repository\org\springframework\spring-aop\5.0.5.RELEASE\spring-aop-5.0.5.RELEASE.jar;D:\maven-repository\org\springframework\spring-context\5.0.5.RELEASE\spring-context-5.0.5.RELEASE.jar;D:\maven-repository\org\springframework\spring-expression\5.0.5.RELEASE\spring-expression-5.0.5.RELEASE.jar;D:\maven-repository\org\springframework\boot\spring-boot-devtools\2.0.1.RELEASE\spring-boot-devtools-2.0.1.RELEASE.jar;D:\maven-repository\org\springframework\boot\spring-boot\2.0.1.RELEASE\spring-boot-2.0.1.RELEASE.jar;D:\maven-repository\org\springframework\boot\spring-boot-autoconfigure\2.0.1.RELEASE\spring-boot-autoconfigure-2.0.1.RELEASE.jar;D:\maven-repository\org\springframework\boot\spring-boot-starter-webflux\2.0.1.RELEASE\spring-boot-starter-webflux-2.0.1.RELEASE.jar;D:\maven-repository\org\springframework\boot\spring-boot-starter-reactor-netty\2.0.1.RELEASE\spring-boot-starter-reactor-netty-2.0.1.RELEASE.jar;D:\maven-repository\io\projectreactor\ipc\reactor-netty\0.7.6.RELEASE\reactor-netty-0.7.6.RELEASE.jar;D:\maven-repository\io\netty\netty-codec-http\4.1.23.Final\netty-codec-http-4.1.23.Final.jar;D:\maven-repository\io\netty\netty-handler-proxy\4.1.23.Final\netty-handler-proxy-4.1.23.Final.jar;D:\maven-repository\io\netty\netty-codec-socks\4.1.23.Final\netty-codec-socks-4.1.23.Final.jar;D:\maven-repository\io\netty\netty-transport-native-epoll\4.1.23.Final\netty-transport-native-epoll-4.1.23.Final.jar;D:\maven-repository\io\netty\netty-transport-native-unix-common\4.1.23.Final\netty-transport-native-unix-common-4.1.23.Final.jar;D:\maven-repository\org\springframework\spring-webflux\5.0.5.RELEASE\spring-webflux-5.0.5.RELEASE.jar;D:\maven-repository\io\projectreactor\reactor-core\3.1.6.RELEASE\reactor-core-3.1.6.RELEASE.jar;D:\maven-repository\org\reactivestreams\reactive-streams\1.0.2\reactive-streams-1.0.2.jar;D:\maven-repository\org\synchronoss\cloud\nio-multipart-parser\1.1.0\nio-multipart-parser-1.1.0.jar;D:\maven-repository\org\synchronoss\cloud\nio-stream-storage\1.1.3\nio-stream-storage-1.1.3.jar;D:\maven-repository\org\springframework\boot\spring-boot-starter-thymeleaf\2.0.1.RELEASE\spring-boot-starter-thymeleaf-2.0.1.RELEASE.jar;D:\maven-repository\org\thymeleaf\thymeleaf-spring5\3.0.9.RELEASE\thymeleaf-spring5-3.0.9.RELEASE.jar;D:\maven-repository\org\thymeleaf\thymeleaf\3.0.9.RELEASE\thymeleaf-3.0.9.RELEASE.jar;D:\maven-repository\org\attoparser\attoparser\2.0.4.RELEASE\attoparser-2.0.4.RELEASE.jar;D:\maven-repository\org\unbescape\unbescape\1.1.5.RELEASE\unbescape-1.1.5.RELEASE.jar;D:\maven-repository\org\thymeleaf\extras\thymeleaf-extras-java8time\3.0.1.RELEASE\thymeleaf-extras-java8time-3.0.1.RELEASE.jar;D:\maven-repository\org\springframework\boot\spring-boot-starter-freemarker\2.0.1.RELEASE\spring-boot-starter-freemarker-2.0.1.RELEASE.jar;D:\maven-repository\org\freemarker\freemarker\2.3.28\freemarker-2.3.28.jar;D:\maven-repository\org\springframework\spring-context-support\5.0.5.RELEASE\spring-context-support-5.0.5.RELEASE.jar;D:\maven-repository\org\springframework\boot\spring-boot-starter-test\2.0.1.RELEASE\spring-boot-starter-test-2.0.1.RELEASE.jar;D:\maven-repository\org\springframework\boot\spring-boot-test\2.0.1.RELEASE\spring-boot-test-2.0.1.RELEASE.jar;D:\maven-repository\org\springframework\boot\spring-boot-test-autoconfigure\2.0.1.RELEASE\spring-boot-test-autoconfigure-2.0.1.RELEASE.jar;D:\maven-repository\com\jayway\jsonpath\json-path\2.4.0\json-path-2.4.0.jar;D:\maven-repository\net\minidev\json-smart\2.3\json-smart-2.3.jar;D:\maven-repository\net\minidev\accessors-smart\1.2\accessors-smart-1.2.jar;D:\maven-repository\org\ow2\asm\asm\5.0.4\asm-5.0.4.jar;D:\maven-repository\junit\junit\4.12\junit-4.12.jar;D:\maven-repository\org\assertj\assertj-core\3.9.1\assertj-core-3.9.1.jar;D:\maven-repository\org\mockito\mockito-core\2.15.0\mockito-core-2.15.0.jar;D:\maven-repository\net\bytebuddy\byte-buddy\1.7.11\byte-buddy-1.7.11.jar;D:\maven-repository\net\bytebuddy\byte-buddy-agent\1.7.11\byte-buddy-agent-1.7.11.jar;D:\maven-repository\org\objenesis\objenesis\2.6\objenesis-2.6.jar;D:\maven-repository\org\hamcrest\hamcrest-core\1.3\hamcrest-core-1.3.jar;D:\maven-repository\org\hamcrest\hamcrest-library\1.3\hamcrest-library-1.3.jar;D:\maven-repository\org\skyscreamer\jsonassert\1.5.0\jsonassert-1.5.0.jar;D:\maven-repository\com\vaadin\external\google\android-json\0.0.20131108.vaadin1\android-json-0.0.20131108.vaadin1.jar;D:\maven-repository\org\springframework\spring-core\5.0.5.RELEASE\spring-core-5.0.5.RELEASE.jar;D:\maven-repository\org\springframework\spring-jcl\5.0.5.RELEASE\spring-jcl-5.0.5.RELEASE.jar;D:\maven-repository\org\springframework\spring-test\5.0.5.RELEASE\spring-test-5.0.5.RELEASE.jar;D:\maven-repository\org\xmlunit\xmlunit-core\2.5.1\xmlunit-core-2.5.1.jar;D:\maven-repository\org\apache\rocketmq\rocketmq-client\4.1.0-incubating\rocketmq-client-4.1.0-incubating.jar;D:\maven-repository\org\slf4j\slf4j-api\1.7.25\slf4j-api-1.7.25.jar;D:\maven-repository\org\apache\commons\commons-lang3\3.7\commons-lang3-3.7.jar;D:\maven-repository\org\apache\rocketmq\rocketmq-common\4.1.0-incubating\rocketmq-common-4.1.0-incubating.jar;D:\maven-repository\org\apache\rocketmq\rocketmq-remoting\4.1.0-incubating\rocketmq-remoting-4.1.0-incubating.jar;D:\maven-repository\com\alibaba\fastjson\1.2.29\fastjson-1.2.29.jar;D:\maven-repository\io\netty\netty-all\4.1.23.Final\netty-all-4.1.23.Final.jar;D:\maven-repository\org\springframework\boot\spring-boot-starter-data-redis\2.0.1.RELEASE\spring-boot-starter-data-redis-2.0.1.RELEASE.jar;D:\maven-repository\org\springframework\data\spring-data-redis\2.0.6.RELEASE\spring-data-redis-2.0.6.RELEASE.jar;D:\maven-repository\org\springframework\data\spring-data-keyvalue\2.0.6.RELEASE\spring-data-keyvalue-2.0.6.RELEASE.jar;D:\maven-repository\org\springframework\spring-tx\5.0.5.RELEASE\spring-tx-5.0.5.RELEASE.jar;D:\maven-repository\org\springframework\spring-oxm\5.0.5.RELEASE\spring-oxm-5.0.5.RELEASE.jar;D:\maven-repository\io\lettuce\lettuce-core\5.0.3.RELEASE\lettuce-core-5.0.3.RELEASE.jar;D:\maven-repository\io\netty\netty-common\4.1.23.Final\netty-common-4.1.23.Final.jar;D:\maven-repository\io\netty\netty-transport\4.1.23.Final\netty-transport-4.1.23.Final.jar;D:\maven-repository\io\netty\netty-buffer\4.1.23.Final\netty-buffer-4.1.23.Final.jar;D:\maven-repository\io\netty\netty-resolver\4.1.23.Final\netty-resolver-4.1.23.Final.jar;D:\maven-repository\io\netty\netty-handler\4.1.23.Final\netty-handler-4.1.23.Final.jar;D:\maven-repository\io\netty\netty-codec\4.1.23.Final\netty-codec-4.1.23.Final.jar;D:\maven-repository\org\springframework\boot\spring-boot-starter-data-elasticsearch\2.0.1.RELEASE\spring-boot-starter-data-elasticsearch-2.0.1.RELEASE.jar;D:\maven-repository\org\springframework\data\spring-data-elasticsearch\3.0.6.RELEASE\spring-data-elasticsearch-3.0.6.RELEASE.jar;D:\maven-repository\org\springframework\data\spring-data-commons\2.0.6.RELEASE\spring-data-commons-2.0.6.RELEASE.jar;D:\maven-repository\commons-lang\commons-lang\2.6\commons-lang-2.6.jar;D:\maven-repository\joda-time\joda-time\2.9.9\joda-time-2.9.9.jar;D:\maven-repository\org\elasticsearch\elasticsearch\5.6.8\elasticsearch-5.6.8.jar;D:\maven-repository\org\apache\lucene\lucene-core\6.6.1\lucene-core-6.6.1.jar;D:\maven-repository\org\apache\lucene\lucene-analyzers-common\6.6.1\lucene-analyzers-common-6.6.1.jar;D:\maven-repository\org\apache\lucene\lucene-backward-codecs\6.6.1\lucene-backward-codecs-6.6.1.jar;D:\maven-repository\org\apache\lucene\lucene-grouping\6.6.1\lucene-grouping-6.6.1.jar;D:\maven-repository\org\apache\lucene\lucene-highlighter\6.6.1\lucene-highlighter-6.6.1.jar;D:\maven-repository\org\apache\lucene\lucene-join\6.6.1\lucene-join-6.6.1.jar;D:\maven-repository\org\apache\lucene\lucene-memory\6.6.1\lucene-memory-6.6.1.jar;D:\maven-repository\org\apache\lucene\lucene-misc\6.6.1\lucene-misc-6.6.1.jar;D:\maven-repository\org\apache\lucene\lucene-queries\6.6.1\lucene-queries-6.6.1.jar;D:\maven-repository\org\apache\lucene\lucene-queryparser\6.6.1\lucene-queryparser-6.6.1.jar;D:\maven-repository\org\apache\lucene\lucene-sandbox\6.6.1\lucene-sandbox-6.6.1.jar;D:\maven-repository\org\apache\lucene\lucene-spatial\6.6.1\lucene-spatial-6.6.1.jar;D:\maven-repository\org\apache\lucene\lucene-spatial-extras\6.6.1\lucene-spatial-extras-6.6.1.jar;D:\maven-repository\org\apache\lucene\lucene-spatial3d\6.6.1\lucene-spatial3d-6.6.1.jar;D:\maven-repository\org\apache\lucene\lucene-suggest\6.6.1\lucene-suggest-6.6.1.jar;D:\maven-repository\org\elasticsearch\securesm\1.2\securesm-1.2.jar;D:\maven-repository\net\sf\jopt-simple\jopt-simple\5.0.2\jopt-simple-5.0.2.jar;D:\maven-repository\com\carrotsearch\hppc\0.7.1\hppc-0.7.1.jar;D:\maven-repository\com\fasterxml\jackson\dataformat\jackson-dataformat-smile\2.9.5\jackson-dataformat-smile-2.9.5.jar;D:\maven-repository\com\fasterxml\jackson\dataformat\jackson-dataformat-yaml\2.9.5\jackson-dataformat-yaml-2.9.5.jar;D:\maven-repository\com\fasterxml\jackson\dataformat\jackson-dataformat-cbor\2.9.5\jackson-dataformat-cbor-2.9.5.jar;D:\maven-repository\com\tdunning\t-digest\3.0\t-digest-3.0.jar;D:\maven-repository\org\hdrhistogram\HdrHistogram\2.1.9\HdrHistogram-2.1.9.jar;D:\maven-repository\org\apache\logging\log4j\log4j-api\2.10.0\log4j-api-2.10.0.jar;D:\maven-repository\org\elasticsearch\jna\4.4.0-1\jna-4.4.0-1.jar;D:\maven-repository\org\elasticsearch\client\transport\5.6.8\transport-5.6.8.jar;D:\maven-repository\org\elasticsearch\plugin\transport-netty3-client\5.6.8\transport-netty3-client-5.6.8.jar;D:\maven-repository\io\netty\netty\3.10.6.Final\netty-3.10.6.Final.jar;D:\maven-repository\org\elasticsearch\plugin\reindex-client\5.6.8\reindex-client-5.6.8.jar;D:\maven-repository\org\elasticsearch\client\elasticsearch-rest-client\5.6.8\elasticsearch-rest-client-5.6.8.jar;D:\maven-repository\org\apache\httpcomponents\httpclient\4.5.5\httpclient-4.5.5.jar;D:\maven-repository\org\apache\httpcomponents\httpcore\4.4.9\httpcore-4.4.9.jar;D:\maven-repository\org\apache\httpcomponents\httpasyncclient\4.1.3\httpasyncclient-4.1.3.jar;D:\maven-repository\org\apache\httpcomponents\httpcore-nio\4.4.9\httpcore-nio-4.4.9.jar;D:\maven-repository\commons-codec\commons-codec\1.11\commons-codec-1.11.jar;D:\maven-repository\org\elasticsearch\plugin\lang-mustache-client\5.6.8\lang-mustache-client-5.6.8.jar;D:\maven-repository\com\github\spullara\mustache\java\compiler\0.9.3\compiler-0.9.3.jar;D:\maven-repository\org\elasticsearch\plugin\percolator-client\5.6.8\percolator-client-5.6.8.jar;D:\maven-repository\org\elasticsearch\plugin\parent-join-client\5.6.8\parent-join-client-5.6.8.jar;D:\maven-repository\com\fasterxml\jackson\core\jackson-core\2.9.5\jackson-core-2.9.5.jar;D:\maven-repository\org\elasticsearch\plugin\transport-netty4-client\5.6.8\transport-netty4-client-5.6.8.jar;D:\maven-repository\org\locationtech\spatial4j\spatial4j\0.6\spatial4j-0.6.jar;D:\maven-repository\com\vividsolutions\jts\1.13\jts-1.13.jar;D:\maven-repository\com\alibaba\spring\boot\dubbo-spring-boot-starter\2.0.0\dubbo-spring-boot-starter-2.0.0.jar;D:\maven-repository\com\alibaba\dubbo\2.6.0\dubbo-2.6.0.jar;D:\maven-repository\org\javassist\javassist\3.20.0-GA\javassist-3.20.0-GA.jar;D:\maven-repository\org\jboss\netty\netty\3.2.5.Final\netty-3.2.5.Final.jar;D:\maven-repository\org\springframework\boot\spring-boot-starter-actuator\2.0.1.RELEASE\spring-boot-starter-actuator-2.0.1.RELEASE.jar;D:\maven-repository\org\springframework\boot\spring-boot-actuator-autoconfigure\2.0.1.RELEASE\spring-boot-actuator-autoconfigure-2.0.1.RELEASE.jar;D:\maven-repository\org\springframework\boot\spring-boot-actuator\2.0.1.RELEASE\spring-boot-actuator-2.0.1.RELEASE.jar;D:\maven-repository\io\micrometer\micrometer-core\1.0.3\micrometer-core-1.0.3.jar;D:\maven-repository\org\latencyutils\LatencyUtils\2.0.3\LatencyUtils-2.0.3.jar;, user.name=liguofen, java.vm.specification.version=1.8, sun.java.command=C:\Users\liguofen\AppData\Local\Temp\surefire7641621092512717923\surefirebooter500115225155727941.jar C:\Users\liguofen\AppData\Local\Temp\surefire7641621092512717923 2019-01-24T16-25-31_167-jvmRun1 surefire1365651892833909172tmp surefire_08624142580228463066tmp, java.home=C:\Program Files\Java\jdk1.8.0\jre, sun.arch.data.model=64, user.language=zh, java.specification.vendor=Oracle Corporation, awt.toolkit=sun.awt.windows.WToolkit, java.vm.info=mixed mode, java.version=1.8.0, java.ext.dirs=C:\Program Files\Java\jdk1.8.0\jre\lib\ext;C:\WINDOWS\Sun\Java\lib\ext, sun.boot.class.path=C:\Program Files\Java\jdk1.8.0\jre\lib\resources.jar;C:\Program Files\Java\jdk1.8.0\jre\lib\rt.jar;C:\Program Files\Java\jdk1.8.0\jre\lib\sunrsasign.jar;C:\Program Files\Java\jdk1.8.0\jre\lib\jsse.jar;C:\Program Files\Java\jdk1.8.0\jre\lib\jce.jar;C:\Program Files\Java\jdk1.8.0\jre\lib\charsets.jar;C:\Program Files\Java\jdk1.8.0\jre\lib\jfr.jar;C:\Program Files\Java\jdk1.8.0\jre\classes, java.vendor=Oracle Corporation, localRepository=D:\maven-repository, file.separator=\, java.vendor.url.bug=http://bugreport.sun.com/bugreport/, sun.io.unicode.encoding=UnicodeLittle, sun.cpu.endian=little, sun.desktop=windows, sun.cpu.isalist=amd64}}, SystemEnvironmentPropertySource@1835073088 {name='systemEnvironment', properties={PATH=C:/Program Files/Java/jdk1.8.0/bin/../jre/bin/server;C:/Program Files/Java/jdk1.8.0/bin/../jre/bin;C:/Program Files/Java/jdk1.8.0/bin/../jre/lib/amd64;C:\Program Files (x86)\Intel\iCLS Client\;C:\Program Files\Intel\iCLS Client\;C:\Windows\system32;C:\Windows;C:\Windows\System32\Wbem;C:\Windows\System32\WindowsPowerShell\v1.0\;C:\Program Files (x86)\NVIDIA Corporation\PhysX\Common;C:\Program Files (x86)\Intel\Intel(R) Management Engine Components\DAL;C:\Program Files\Intel\Intel(R) Management Engine Components\DAL;C:\Program Files (x86)\Intel\Intel(R) Management Engine Components\IPT;C:\Program Files\Intel\Intel(R) Management Engine Components\IPT;C:\Program Files\Intel\WiFi\bin\;C:\Program Files\Common Files\Intel\WirelessCommon\;C:\Program Files\Java\jdk1.8.0\bin\;C:\WINDOWS\system32;C:\WINDOWS;C:\WINDOWS\System32\Wbem;C:\WINDOWS\System32\WindowsPowerShell\v1.0\;D:\instantclient_10_2;C:\Program Files\TortoiseSVN\bin;C:\Program Files\Git\cmd;C:\WINDOWS\System32\OpenSSH\;C:\Go\bin;C:\Users\liguofen\AppData\Local\Microsoft\WindowsApps;;C:\Program Files (x86)\SSH Communications Security\SSH Secure Shell;C:\Program Files\Docker Toolbox;D:\eclipse\eclipse;, USERDOMAIN_ROAMINGPROFILE=DESKTOP-NEP9BK9, PROCESSOR_LEVEL=6, SYSTEMDRIVE=C:, SESSIONNAME=Console, ALLUSERSPROFILE=C:\ProgramData, PROCESSOR_ARCHITECTURE=AMD64, DRIVERDATA=C:\Windows\System32\Drivers\DriverData, =E:=E:\BaiduNetdiskDownload\笔记\SpringBoot资料\SpringBoot资料\第7章\第三课（课时30）\xdclass_springboot, PROGRAMFILES=C:\Program Files, GO_PATH=C:\Go\bin, PSMODULEPATH=C:\Program Files\WindowsPowerShell\Modules;C:\WINDOWS\system32\WindowsPowerShell\v1.0\Modules, PROGRAMDATA=C:\ProgramData, USERNAME=liguofen, FPS_BROWSER_USER_PROFILE_STRING=Default, ONEDRIVE=C:\Users\liguofen\OneDrive, PATHEXT=.COM;.EXE;.BAT;.CMD;.VBS;.VBE;.JS;.JSE;.WSF;.WSH;.MSC, WINDIR=C:\WINDOWS, HOMEPATH=\Users\liguofen, PROCESSOR_IDENTIFIER=Intel64 Family 6 Model 158 Stepping 9, GenuineIntel, PUBLIC=C:\Users\Public, =::=::\, LOCALAPPDATA=C:\Users\liguofen\AppData\Local, COMMONPROGRAMFILES(X86)=C:\Program Files (x86)\Common Files, USERDOMAIN=DESKTOP-NEP9BK9, FPS_BROWSER_APP_PROFILE_STRING=Internet Explorer, LOGONSERVER=\\DESKTOP-NEP9BK9, JAVA_HOME=C:\Program Files\Java\jdk1.8.0, PROMPT=$P$G, PROGRAMFILES(X86)=C:\Program Files (x86), =C:=C:\, APPDATA=C:\Users\liguofen\AppData\Roaming, PROGRAMW6432=C:\Program Files, SYSTEMROOT=C:\WINDOWS, ORACLE_HOME=D:\instantclient_10_2, VBOX_MSI_INSTALL_PATH=C:\Program Files\Oracle\VirtualBox\, OS=Windows_NT, COMMONPROGRAMW6432=C:\Program Files\Common Files, COMPUTERNAME=DESKTOP-NEP9BK9, COMMONPROGRAMFILES=C:\Program Files\Common Files, COMSPEC=C:\WINDOWS\system32\cmd.exe, PROCESSOR_REVISION=9e09, GOROOT=C:\Go\, NLS_LANG=SIMPLIFIED CHINESE_CHINA.ZHS16GBK, TEMP=C:\Users\liguofen\AppData\Local\Temp, HOMEDRIVE=C:, USERPROFILE=C:\Users\liguofen, TMP=C:\Users\liguofen\AppData\Local\Temp, NUMBER_OF_PROCESSORS=8, DOCKER_TOOLBOX_INSTALL_PATH=C:\Program Files\Docker Toolbox}}]
16:25:33.467 [main] DEBUG org.springframework.test.context.support.TestPropertySourceUtils - Adding inlined properties to environment: {spring.jmx.enabled=false, org.springframework.boot.test.context.SpringBootTestContextBootstrapper=true, server.port=-1}
16:25:33.468 [main] DEBUG org.springframework.core.env.StandardEnvironment - Adding PropertySource 'Inlined Test Properties' with highest search precedence
2019-01-24 16:25:33.844 INFO [main]com.alibaba.dubbo.common.logger.LoggerFactory.?:? -using logger: com.alibaba.dubbo.common.logger.slf4j.Slf4jLoggerAdapter

  ████████▄  ███    █▄  ?█████████▄  ?█████████▄   ▄██████▄  
  ███   ?███ ███    ███   ███    ███   ███    ███ ███    ███ 
  ███    ███ ███    ███   ███    ███   ███    ███ ███    ███ 
  ███    ███ ███    ███  ▄███▄▄▄██?   ▄███▄▄▄██?  ███    ███ 
  ███    ███ ███    ███ ??███???██▄  ??███???██▄  ███    ███ 
  ███    ███ ███    ███   ███    ██▄   ███    ██▄ ███    ███ 
  ███   ▄███ ███    ███   ███    ███   ███    ███ ███    ███ 
  ████████?  ████████?  ▄█████████?  ▄█████████?   ?██████?  
                                                             

 :: Dubbo ::        (v2.6.0)
  .   ____          _            __ _ _


2019-01-24 16:25:33.995 INFO [main]xdclass_springboot.demo.WebClientTest.logStarting:50 -Starting WebClientTest on DESKTOP-NEP9BK9 with PID 15448 (started by liguofen in E:\BaiduNetdiskDownload\笔记\SpringBoot资料\SpringBoot资料\第7章\第三课（课时30）\xdclass_springboot)
2019-01-24 16:25:33.996 INFO [main]xdclass_springboot.demo.WebClientTest.logStartupProfileInfo:663 -The following profiles are active: test
2019-01-24 16:25:34.055 INFO [main]o.s.web.context.support.GenericWebApplicationContext.prepareRefresh:590 -Refreshing org.springframework.web.context.support.GenericWebApplicationContext@19b93fa8: startup date [Thu Jan 24 16:25:34 CST 2019]; root of context hierarchy
2019-01-24 16:25:35.629 INFO [main]o.s.d.repository.config.RepositoryConfigurationDelegate.multipleStoresDetected:163 -Multiple Spring Data modules found, entering strict repository configuration mode!
2019-01-24 16:25:35.669 INFO [main]o.s.d.repository.config.RepositoryConfigurationDelegate.multipleStoresDetected:163 -Multiple Spring Data modules found, entering strict repository configuration mode!
2019-01-24 16:25:36.376 INFO [main]o.s.c.s.PostProcessorRegistrationDelegate$BeanPostProcessorChecker.postProcessAfterInitialization:328 -Bean 'org.springframework.boot.context.properties.ConversionServiceDeducer$Factory' of type [org.springframework.boot.context.properties.ConversionServiceDeducer$Factory] is not eligible for getting processed by all BeanPostProcessors (for example: not eligible for auto-proxying)
2019-01-24 16:25:36.393 INFO [main]o.s.c.s.PostProcessorRegistrationDelegate$BeanPostProcessorChecker.postProcessAfterInitialization:328 -Bean 'spring.dubbo-com.alibaba.dubbo.spring.boot.DubboProperties' of type [com.alibaba.dubbo.spring.boot.DubboProperties] is not eligible for getting processed by all BeanPostProcessors (for example: not eligible for auto-proxying)
2019-01-24 16:25:36.395 INFO [main]o.s.c.s.PostProcessorRegistrationDelegate$BeanPostProcessorChecker.postProcessAfterInitialization:328 -Bean 'com.alibaba.dubbo.spring.boot.DubboConsumerAutoConfiguration' of type [com.alibaba.dubbo.spring.boot.DubboConsumerAutoConfiguration$$EnhancerBySpringCGLIB$$2601d9b3] is not eligible for getting processed by all BeanPostProcessors (for example: not eligible for auto-proxying)
2019-01-24 16:25:43.290 INFO [main]o.s.web.servlet.handler.SimpleUrlHandlerMapping.registerHandler:373 -Mapped URL path [/**/favicon.ico] onto handler of type [class org.springframework.web.servlet.resource.ResourceHttpRequestHandler]
2019-01-24 16:25:43.525 INFO [main]o.s.w.s.m.method.annotation.RequestMappingHandlerAdapter.initControllerAdviceCache:574 -Looking for @ControllerAdvice: org.springframework.web.context.support.GenericWebApplicationContext@19b93fa8: startup date [Thu Jan 24 16:25:34 CST 2019]; root of context hierarchy
2019-01-24 16:25:43.605 INFO [main]o.s.w.s.m.method.annotation.RequestMappingHandlerMapping.register:547 -Mapped "{[/api/v1/order],methods=[GET]}" onto public java.lang.Object net.xdclass.demo.activemq.controller.OrderController.order(java.lang.String,java.lang.String) throws org.apache.rocketmq.client.exception.MQClientException,org.apache.rocketmq.remoting.exception.RemotingException,org.apache.rocketmq.client.exception.MQBrokerException,java.lang.InterruptedException,java.io.UnsupportedEncodingException
2019-01-24 16:25:43.608 INFO [main]o.s.w.s.m.method.annotation.RequestMappingHandlerMapping.register:547 -Mapped "{[/api/v1/test_ext]}" onto public java.lang.Object net.xdclass.demo.controller.ExcptionController.index()
2019-01-24 16:25:43.608 INFO [main]o.s.w.s.m.method.annotation.RequestMappingHandlerMapping.register:547 -Mapped "{[/api/v1/myext]}" onto public java.lang.Object net.xdclass.demo.controller.ExcptionController.myexc()
2019-01-24 16:25:43.608 INFO [main]o.s.w.s.m.method.annotation.RequestMappingHandlerMapping.register:547 -Mapped "{[/api/v1/gopage]}" onto public java.lang.Object net.xdclass.demo.controller.FileController.index()
2019-01-24 16:25:43.608 INFO [main]o.s.w.s.m.method.annotation.RequestMappingHandlerMapping.register:547 -Mapped "{[/upload]}" onto public net.xdclass.demo.domain.JsonData net.xdclass.demo.controller.FileController.upload(org.springframework.web.multipart.MultipartFile,javax.servlet.http.HttpServletRequest)
2019-01-24 16:25:43.609 INFO [main]o.s.w.s.m.method.annotation.RequestMappingHandlerMapping.register:547 -Mapped "{[/freemaker/hello],methods=[GET]}" onto public java.lang.String net.xdclass.demo.controller.FreemakerController.index(org.springframework.ui.ModelMap)
2019-01-24 16:25:43.611 INFO [main]o.s.w.s.m.method.annotation.RequestMappingHandlerMapping.register:547 -Mapped "{[/v1/test_request],methods=[GET]}" onto public java.lang.Object net.xdclass.demo.controller.GetController.testRequest(javax.servlet.http.HttpServletRequest)
2019-01-24 16:25:43.611 INFO [main]o.s.w.s.m.method.annotation.RequestMappingHandlerMapping.register:547 -Mapped "{[/v1/get_header],methods=[GET]}" onto public java.lang.Object net.xdclass.demo.controller.GetController.getHeader(java.lang.String,java.lang.String)
2019-01-24 16:25:43.612 INFO [main]o.s.w.s.m.method.annotation.RequestMappingHandlerMapping.register:547 -Mapped "{[/api/v1/test_properties],methods=[GET]}" onto public java.lang.Object net.xdclass.demo.controller.GetController.testPeroperties()
2019-01-24 16:25:43.612 INFO [main]o.s.w.s.m.method.annotation.RequestMappingHandlerMapping.register:547 -Mapped "{[/v1/page_user1],methods=[GET]}" onto public java.lang.Object net.xdclass.demo.controller.GetController.pageUser(int,int)
2019-01-24 16:25:43.613 INFO [main]o.s.w.s.m.method.annotation.RequestMappingHandlerMapping.register:547 -Mapped "{[/v1/save_user]}" onto public java.lang.Object net.xdclass.demo.controller.GetController.saveUser(net.xdclass.demo.domain.User)
2019-01-24 16:25:43.613 INFO [main]o.s.w.s.m.method.annotation.RequestMappingHandlerMapping.register:547 -Mapped "{[/v1/page_user2],methods=[GET]}" onto public java.lang.Object net.xdclass.demo.controller.GetController.pageUserV2(int,int)
2019-01-24 16:25:43.613 INFO [main]o.s.w.s.m.method.annotation.RequestMappingHandlerMapping.register:547 -Mapped "{[/api/v1/account],methods=[GET]}" onto public java.lang.Object net.xdclass.demo.controller.GetController.account()
2019-01-24 16:25:43.617 INFO [main]o.s.w.s.m.method.annotation.RequestMappingHandlerMapping.register:547 -Mapped "{[/v1/login],methods=[PUT]}" onto public java.lang.Object net.xdclass.demo.controller.OtherHttpController.put(java.lang.String)
2019-01-24 16:25:43.617 INFO [main]o.s.w.s.m.method.annotation.RequestMappingHandlerMapping.register:547 -Mapped "{[/v1/login],methods=[POST]}" onto public java.lang.Object net.xdclass.demo.controller.OtherHttpController.login(java.lang.String,java.lang.String)
2019-01-24 16:25:43.617 INFO [main]o.s.w.s.m.method.annotation.RequestMappingHandlerMapping.register:547 -Mapped "{[/v1/login],methods=[DELETE]}" onto public java.lang.Object net.xdclass.demo.controller.OtherHttpController.del(java.lang.String)
2019-01-24 16:25:43.618 INFO [main]o.s.w.s.m.method.annotation.RequestMappingHandlerMapping.register:547 -Mapped "{[/test]}" onto public java.util.Map<java.lang.String, java.lang.String> net.xdclass.demo.controller.SampleController.testMap()
2019-01-24 16:25:43.618 INFO [main]o.s.w.s.m.method.annotation.RequestMappingHandlerMapping.register:547 -Mapped "{[/testjson],methods=[GET]}" onto public java.lang.Object net.xdclass.demo.controller.SampleController.testjson()
2019-01-24 16:25:43.619 INFO [main]o.s.w.s.m.method.annotation.RequestMappingHandlerMapping.register:547 -Mapped "{[/tyhmeleaf/hello],methods=[GET]}" onto public java.lang.String net.xdclass.demo.controller.ThymeleafController.index()
2019-01-24 16:25:43.619 INFO [main]o.s.w.s.m.method.annotation.RequestMappingHandlerMapping.register:547 -Mapped "{[/tyhmeleaf/info],methods=[GET]}" onto public java.lang.String net.xdclass.demo.controller.ThymeleafController.admin(org.springframework.ui.ModelMap)
2019-01-24 16:25:43.621 INFO [main]o.s.w.s.m.method.annotation.RequestMappingHandlerMapping.register:547 -Mapped "{[/api/v1/log],methods=[GET]}" onto public java.lang.Object net.xdclass.demo.log.logController.testLog()
2019-01-24 16:25:43.622 INFO [main]o.s.w.s.m.method.annotation.RequestMappingHandlerMapping.register:547 -Mapped "{[/sse/get_data],produces=[text/event-stream;charset=UTF-8]}" onto public java.lang.String net.xdclass.demo.sse.SSEController.push()
2019-01-24 16:25:43.623 INFO [main]o.s.w.s.m.method.annotation.RequestMappingHandlerMapping.register:547 -Mapped "{[/api/v1/async_task],methods=[GET]}" onto public net.xdclass.demo.task.domain.JsonData net.xdclass.demo.task.controller.taskController.exeTask() throws java.lang.InterruptedException
2019-01-24 16:25:43.627 INFO [main]o.s.w.s.m.method.annotation.RequestMappingHandlerMapping.register:547 -Mapped "{[/api/v1/user/list],methods=[GET],produces=[application/stream+json]}" onto public reactor.core.publisher.Flux<net.xdclass.demo.webflux.User> net.xdclass.demo.webflux.UserController.list()
2019-01-24 16:25:43.627 INFO [main]o.s.w.s.m.method.annotation.RequestMappingHandlerMapping.register:547 -Mapped "{[/api/v1/user/test],methods=[GET]}" onto public reactor.core.publisher.Mono<net.xdclass.demo.webflux.User> net.xdclass.demo.webflux.UserController.test()
2019-01-24 16:25:43.627 INFO [main]o.s.w.s.m.method.annotation.RequestMappingHandlerMapping.register:547 -Mapped "{[/api/v1/user/test2],methods=[GET]}" onto public reactor.core.publisher.Flux<net.xdclass.demo.webflux.User> net.xdclass.demo.webflux.UserController.test1()
2019-01-24 16:25:43.630 INFO [main]o.s.w.s.m.method.annotation.RequestMappingHandlerMapping.register:547 -Mapped "{[/api/v1/user/find],methods=[GET]}" onto public reactor.core.publisher.Mono<net.xdclass.demo.webflux.User> net.xdclass.demo.webflux.UserController.findByid(java.lang.String)
2019-01-24 16:25:43.630 INFO [main]o.s.w.s.m.method.annotation.RequestMappingHandlerMapping.register:547 -Mapped "{[/api/v1/user/list2],methods=[GET],produces=[application/stream+json]}" onto public reactor.core.publisher.Flux<net.xdclass.demo.webflux.User> net.xdclass.demo.webflux.UserController.list2()
2019-01-24 16:25:43.630 INFO [main]o.s.w.s.m.method.annotation.RequestMappingHandlerMapping.register:547 -Mapped "{[/api/v1/user/del],methods=[GET]}" onto public reactor.core.publisher.Mono<net.xdclass.demo.webflux.User> net.xdclass.demo.webflux.UserController.del(java.lang.String)
2019-01-24 16:25:43.632 INFO [main]o.s.w.s.m.method.annotation.RequestMappingHandlerMapping.register:547 -Mapped "{[/error]}" onto public org.springframework.http.ResponseEntity<java.util.Map<java.lang.String, java.lang.Object>> org.springframework.boot.autoconfigure.web.servlet.error.BasicErrorController.error(javax.servlet.http.HttpServletRequest)
2019-01-24 16:25:43.632 INFO [main]o.s.w.s.m.method.annotation.RequestMappingHandlerMapping.register:547 -Mapped "{[/error],produces=[text/html]}" onto public org.springframework.web.servlet.ModelAndView org.springframework.boot.autoconfigure.web.servlet.error.BasicErrorController.errorHtml(javax.servlet.http.HttpServletRequest,javax.servlet.http.HttpServletResponse)
2019-01-24 16:25:43.675 INFO [main]o.s.web.servlet.handler.SimpleUrlHandlerMapping.registerHandler:373 -Mapped URL path [/webjars/**] onto handler of type [class org.springframework.web.servlet.resource.ResourceHttpRequestHandler]
2019-01-24 16:25:43.675 INFO [main]o.s.web.servlet.handler.SimpleUrlHandlerMapping.registerHandler:373 -Mapped URL path [/**] onto handler of type [class org.springframework.web.servlet.resource.ResourceHttpRequestHandler]
2019-01-24 16:25:43.698 INFO [main]o.s.w.s.m.m.annotation.ExceptionHandlerExceptionResolver.initExceptionHandlerAdviceCache:288 -Detected @ExceptionHandler methods in customExtHandler
2019-01-24 16:25:43.800 WARN [main]org.thymeleaf.templatemode.TemplateMode.parse:150 -[THYMELEAF][main] Template Mode 'HTML5' is deprecated. Using Template Mode 'HTML' instead.
2019-01-24 16:25:43.869 INFO [main]o.s.b.a.web.servlet.WelcomePageHandlerMapping.<init>:56 -Adding welcome page: class path resource [static/index.html]
2019-01-24 16:25:43.996 INFO [main]com.alibaba.dubbo.qos.server.Server.start:100 - [DUBBO] qos-server bind localhost:22222, dubbo version: 2.6.0, current host: 127.0.0.1
2019-01-24 16:25:44.401 INFO [main]com.alibaba.dubbo.config.AbstractConfig.exportLocal:531 - [DUBBO] Export dubbo service net.xdclass.demo.dubbo.dahuobaoxian.service.ToOrderDataServer to local registry, dubbo version: 2.6.0, current host: 127.0.0.1
2019-01-24 16:25:44.402 INFO [main]com.alibaba.dubbo.config.AbstractConfig.doExportUrlsFor1Protocol:490 - [DUBBO] Export dubbo service net.xdclass.demo.dubbo.dahuobaoxian.service.ToOrderDataServer to url dubbo://192.168.99.1:20880/net.xdclass.demo.dubbo.dahuobaoxian.service.ToOrderDataServer?anyhost=true&application=dubbo-provider-demo&bind.ip=192.168.99.1&bind.port=20880&dubbo=2.6.0&generic=false&interface=net.xdclass.demo.dubbo.dahuobaoxian.service.ToOrderDataServer&methods=togetDecryptDataPathAtom&pid=15448&side=provider&timestamp=1548318344233, dubbo version: 2.6.0, current host: 127.0.0.1
2019-01-24 16:25:44.551 INFO [main]com.alibaba.dubbo.remoting.transport.AbstractServer.<init>:65 - [DUBBO] Start NettyServer bind /0.0.0.0:20880, export /192.168.99.1:20880, dubbo version: 2.6.0, current host: 127.0.0.1
2019-01-24 16:25:45.675 INFO [main]o.s.web.servlet.view.freemarker.FreeMarkerConfigurer.postProcessTemplateLoaders:131 -ClassTemplateLoader for Spring macros added to FreeMarker configuration
2019-01-24 16:25:45.859 INFO [main]o.s.boot.actuate.endpoint.web.EndpointLinksResolver.<init>:59 -Exposing 2 endpoint(s) beneath base path '/actuator'
2019-01-24 16:25:45.892 INFO [main]o.s.b.a.e.web.servlet.WebMvcEndpointHandlerMapping.register:547 -Mapped "{[/actuator/health],methods=[GET],produces=[application/vnd.spring-boot.actuator.v2+json || application/json]}" onto public java.lang.Object org.springframework.boot.actuate.endpoint.web.servlet.AbstractWebMvcEndpointHandlerMapping$OperationHandler.handle(javax.servlet.http.HttpServletRequest,java.util.Map<java.lang.String, java.lang.String>)
2019-01-24 16:25:45.894 INFO [main]o.s.b.a.e.web.servlet.WebMvcEndpointHandlerMapping.register:547 -Mapped "{[/actuator/info],methods=[GET],produces=[application/vnd.spring-boot.actuator.v2+json || application/json]}" onto public java.lang.Object org.springframework.boot.actuate.endpoint.web.servlet.AbstractWebMvcEndpointHandlerMapping$OperationHandler.handle(javax.servlet.http.HttpServletRequest,java.util.Map<java.lang.String, java.lang.String>)
2019-01-24 16:25:45.895 INFO [main]o.s.b.a.e.web.servlet.WebMvcEndpointHandlerMapping.register:547 -Mapped "{[/actuator],methods=[GET],produces=[application/vnd.spring-boot.actuator.v2+json || application/json]}" onto protected java.util.Map<java.lang.String, java.util.Map<java.lang.String, org.springframework.boot.actuate.endpoint.web.Link>> org.springframework.boot.actuate.endpoint.web.servlet.WebMvcEndpointHandlerMapping.links(javax.servlet.http.HttpServletRequest,javax.servlet.http.HttpServletResponse)
2019-01-24 16:25:46.008 INFO [main]xdclass_springboot.demo.WebClientTest.logStarted:59 -Started WebClientTest in 12.52 seconds (JVM running for 13.854)
]]></system-out>
  </testcase>
  <testcase name="testBase" classname="xdclass_springboot.demo.WebClientTest" time="1.032">
    <error message="io.netty.channel.AbstractChannel$AnnotatedConnectException: Connection refused: no further information: localhost/127.0.0.1:8080" type="reactor.core.Exceptions$ReactiveException">reactor.core.Exceptions$ReactiveException: io.netty.channel.AbstractChannel$AnnotatedConnectException: Connection refused: no further information: localhost/127.0.0.1:8080
	at xdclass_springboot.demo.WebClientTest.testBase(WebClientTest.java:27)
Caused by: io.netty.channel.AbstractChannel$AnnotatedConnectException: Connection refused: no further information: localhost/127.0.0.1:8080
Caused by: java.net.ConnectException: Connection refused: no further information
</error>
  </testcase>
</testsuite>